F:\Lessons\SovTechTask\WebAPI\AngularUI\dist\out-tsc\e2e\src\app.po.js
F:\Lessons\SovTechTask\WebAPI\AngularUI\dist\out-tsc\e2e\src\app.po.js.map
F:\Lessons\SovTechTask\WebAPI\AngularUI\dist\out-tsc\e2e\src\app.e2e-spec.js
F:\Lessons\SovTechTask\WebAPI\AngularUI\dist\out-tsc\e2e\src\app.e2e-spec.js.map
F:\Lessons\SovTechTask\WebAPI\AngularUI\dist\out-tsc\src\app\services\theme.service.js
F:\Lessons\SovTechTask\WebAPI\AngularUI\dist\out-tsc\src\app\services\theme.service.js.map
F:\Lessons\SovTechTask\WebAPI\AngularUI\dist\out-tsc\src\app\layouts\layouts.component.js
F:\Lessons\SovTechTask\WebAPI\AngularUI\dist\out-tsc\src\app\layouts\layouts.component.js.map
F:\Lessons\SovTechTask\WebAPI\AngularUI\dist\out-tsc\src\app\utility\guards\cookie.service.js
F:\Lessons\SovTechTask\WebAPI\AngularUI\dist\out-tsc\src\app\utility\guards\cookie.service.js.map
F:\Lessons\SovTechTask\WebAPI\AngularUI\dist\out-tsc\src\app\utility\helpers\ibase.js
F:\Lessons\SovTechTask\WebAPI\AngularUI\dist\out-tsc\src\app\utility\helpers\ibase.js.map
F:\Lessons\SovTechTask\WebAPI\AngularUI\dist\out-tsc\src\app\iModels\iuser-model.js
F:\Lessons\SovTechTask\WebAPI\AngularUI\dist\out-tsc\src\app\iModels\iuser-model.js.map
F:\Lessons\SovTechTask\WebAPI\AngularUI\dist\out-tsc\src\environments\environment.js
F:\Lessons\SovTechTask\WebAPI\AngularUI\dist\out-tsc\src\environments\environment.js.map
F:\Lessons\SovTechTask\WebAPI\AngularUI\dist\out-tsc\src\app\services\event.service.js
F:\Lessons\SovTechTask\WebAPI\AngularUI\dist\out-tsc\src\app\services\event.service.js.map
F:\Lessons\SovTechTask\WebAPI\AngularUI\dist\out-tsc\src\app\utility\guards\auth.service.js
F:\Lessons\SovTechTask\WebAPI\AngularUI\dist\out-tsc\src\app\utility\guards\auth.service.js.map
F:\Lessons\SovTechTask\WebAPI\AngularUI\dist\out-tsc\src\app\utility\guards\auth-gaurd.service.js
F:\Lessons\SovTechTask\WebAPI\AngularUI\dist\out-tsc\src\app\utility\guards\auth-gaurd.service.js.map
F:\Lessons\SovTechTask\WebAPI\AngularUI\dist\out-tsc\src\app\account\login\login.component.js
F:\Lessons\SovTechTask\WebAPI\AngularUI\dist\out-tsc\src\app\account\login\login.component.js.map
F:\Lessons\SovTechTask\WebAPI\AngularUI\dist\out-tsc\src\app\account\account-routing.module.js
F:\Lessons\SovTechTask\WebAPI\AngularUI\dist\out-tsc\src\app\account\account-routing.module.js.map
F:\Lessons\SovTechTask\WebAPI\AngularUI\dist\out-tsc\src\app\account\account.module.js
F:\Lessons\SovTechTask\WebAPI\AngularUI\dist\out-tsc\src\app\account\account.module.js.map
F:\Lessons\SovTechTask\WebAPI\AngularUI\dist\out-tsc\src\app\services\url.service.js
F:\Lessons\SovTechTask\WebAPI\AngularUI\dist\out-tsc\src\app\services\url.service.js.map
F:\Lessons\SovTechTask\WebAPI\AngularUI\dist\out-tsc\src\app\utility\crudere.service.js
F:\Lessons\SovTechTask\WebAPI\AngularUI\dist\out-tsc\src\app\utility\crudere.service.js.map
F:\Lessons\SovTechTask\WebAPI\AngularUI\dist\out-tsc\src\app\shared\base-crud\base-crud.component.js
F:\Lessons\SovTechTask\WebAPI\AngularUI\dist\out-tsc\src\app\shared\base-crud\base-crud.component.js.map
F:\Lessons\SovTechTask\WebAPI\AngularUI\dist\out-tsc\src\app\iModels\ijokes.js
F:\Lessons\SovTechTask\WebAPI\AngularUI\dist\out-tsc\src\app\iModels\ijokes.js.map
F:\Lessons\SovTechTask\WebAPI\AngularUI\dist\out-tsc\src\app\iModels\icategories.js
F:\Lessons\SovTechTask\WebAPI\AngularUI\dist\out-tsc\src\app\iModels\icategories.js.map
F:\Lessons\SovTechTask\WebAPI\AngularUI\dist\out-tsc\src\app\areas\category\category.component.js
F:\Lessons\SovTechTask\WebAPI\AngularUI\dist\out-tsc\src\app\areas\category\category.component.js.map
F:\Lessons\SovTechTask\WebAPI\AngularUI\dist\out-tsc\src\app\areas\jokes\jokes.component.js
F:\Lessons\SovTechTask\WebAPI\AngularUI\dist\out-tsc\src\app\areas\jokes\jokes.component.js.map
F:\Lessons\SovTechTask\WebAPI\AngularUI\dist\out-tsc\src\app\iModels\ipeople.js
F:\Lessons\SovTechTask\WebAPI\AngularUI\dist\out-tsc\src\app\iModels\ipeople.js.map
F:\Lessons\SovTechTask\WebAPI\AngularUI\dist\out-tsc\src\app\areas\people\people.component.js
F:\Lessons\SovTechTask\WebAPI\AngularUI\dist\out-tsc\src\app\areas\people\people.component.js.map
F:\Lessons\SovTechTask\WebAPI\AngularUI\dist\out-tsc\src\app\shared\title\title.component.js
F:\Lessons\SovTechTask\WebAPI\AngularUI\dist\out-tsc\src\app\shared\title\title.component.js.map
F:\Lessons\SovTechTask\WebAPI\AngularUI\dist\out-tsc\src\app\areas\menus\menus.component.js
F:\Lessons\SovTechTask\WebAPI\AngularUI\dist\out-tsc\src\app\areas\menus\menus.component.js.map
F:\Lessons\SovTechTask\WebAPI\AngularUI\dist\out-tsc\src\app\areas\users\users.component.js
F:\Lessons\SovTechTask\WebAPI\AngularUI\dist\out-tsc\src\app\areas\users\users.component.js.map
F:\Lessons\SovTechTask\WebAPI\AngularUI\dist\out-tsc\src\app\areas\areas-routing.module.js
F:\Lessons\SovTechTask\WebAPI\AngularUI\dist\out-tsc\src\app\areas\areas-routing.module.js.map
F:\Lessons\SovTechTask\WebAPI\AngularUI\dist\out-tsc\src\app\areas\areas.module.js
F:\Lessons\SovTechTask\WebAPI\AngularUI\dist\out-tsc\src\app\areas\areas.module.js.map
F:\Lessons\SovTechTask\WebAPI\AngularUI\dist\out-tsc\src\app\app-routing.module.js
F:\Lessons\SovTechTask\WebAPI\AngularUI\dist\out-tsc\src\app\app-routing.module.js.map
F:\Lessons\SovTechTask\WebAPI\AngularUI\dist\out-tsc\src\app\app.component.js
F:\Lessons\SovTechTask\WebAPI\AngularUI\dist\out-tsc\src\app\app.component.js.map
F:\Lessons\SovTechTask\WebAPI\AngularUI\dist\out-tsc\src\app\layouts\footer\footer.component.js
F:\Lessons\SovTechTask\WebAPI\AngularUI\dist\out-tsc\src\app\layouts\footer\footer.component.js.map
F:\Lessons\SovTechTask\WebAPI\AngularUI\dist\out-tsc\src\app\layouts\topbar\topbar.component.js
F:\Lessons\SovTechTask\WebAPI\AngularUI\dist\out-tsc\src\app\layouts\topbar\topbar.component.js.map
F:\Lessons\SovTechTask\WebAPI\AngularUI\dist\out-tsc\src\app\layouts\sidebar\sidebar.component.js
F:\Lessons\SovTechTask\WebAPI\AngularUI\dist\out-tsc\src\app\layouts\sidebar\sidebar.component.js.map
F:\Lessons\SovTechTask\WebAPI\AngularUI\dist\out-tsc\src\app\layouts\loader\loader.component.js
F:\Lessons\SovTechTask\WebAPI\AngularUI\dist\out-tsc\src\app\layouts\loader\loader.component.js.map
F:\Lessons\SovTechTask\WebAPI\AngularUI\dist\out-tsc\src\app\layouts\layouts.module.js
F:\Lessons\SovTechTask\WebAPI\AngularUI\dist\out-tsc\src\app\layouts\layouts.module.js.map
F:\Lessons\SovTechTask\WebAPI\AngularUI\dist\out-tsc\src\app\utility\helpers\jwt.interceptor.js
F:\Lessons\SovTechTask\WebAPI\AngularUI\dist\out-tsc\src\app\utility\helpers\jwt.interceptor.js.map
F:\Lessons\SovTechTask\WebAPI\AngularUI\dist\out-tsc\src\app\utility\helpers\error.interceptor.js
F:\Lessons\SovTechTask\WebAPI\AngularUI\dist\out-tsc\src\app\utility\helpers\error.interceptor.js.map
F:\Lessons\SovTechTask\WebAPI\AngularUI\dist\out-tsc\src\app\services\index.service.js
F:\Lessons\SovTechTask\WebAPI\AngularUI\dist\out-tsc\src\app\services\index.service.js.map
F:\Lessons\SovTechTask\WebAPI\AngularUI\dist\out-tsc\src\app\app.module.js
F:\Lessons\SovTechTask\WebAPI\AngularUI\dist\out-tsc\src\app\app.module.js.map
F:\Lessons\SovTechTask\WebAPI\AngularUI\dist\out-tsc\src\main.js
F:\Lessons\SovTechTask\WebAPI\AngularUI\dist\out-tsc\src\main.js.map
F:\Lessons\SovTechTask\WebAPI\AngularUI\dist\out-tsc\src\polyfills.js
F:\Lessons\SovTechTask\WebAPI\AngularUI\dist\out-tsc\src\polyfills.js.map
F:\Lessons\SovTechTask\WebAPI\AngularUI\dist\out-tsc\src\test.js
F:\Lessons\SovTechTask\WebAPI\AngularUI\dist\out-tsc\src\test.js.map
F:\Lessons\SovTechTask\WebAPI\AngularUI\dist\out-tsc\src\app\app.component.spec.js
F:\Lessons\SovTechTask\WebAPI\AngularUI\dist\out-tsc\src\app\app.component.spec.js.map
F:\Lessons\SovTechTask\WebAPI\AngularUI\dist\out-tsc\src\app\areas\category\category.component.spec.js
F:\Lessons\SovTechTask\WebAPI\AngularUI\dist\out-tsc\src\app\areas\category\category.component.spec.js.map
F:\Lessons\SovTechTask\WebAPI\AngularUI\dist\out-tsc\src\app\areas\jokes\jokes.component.spec.js
F:\Lessons\SovTechTask\WebAPI\AngularUI\dist\out-tsc\src\app\areas\jokes\jokes.component.spec.js.map
F:\Lessons\SovTechTask\WebAPI\AngularUI\dist\out-tsc\src\app\areas\menus\menus.component.spec.js
F:\Lessons\SovTechTask\WebAPI\AngularUI\dist\out-tsc\src\app\areas\menus\menus.component.spec.js.map
F:\Lessons\SovTechTask\WebAPI\AngularUI\dist\out-tsc\src\app\areas\people\people.component.spec.js
F:\Lessons\SovTechTask\WebAPI\AngularUI\dist\out-tsc\src\app\areas\people\people.component.spec.js.map
F:\Lessons\SovTechTask\WebAPI\AngularUI\dist\out-tsc\src\app\areas\users\users.component.spec.js
F:\Lessons\SovTechTask\WebAPI\AngularUI\dist\out-tsc\src\app\areas\users\users.component.spec.js.map
F:\Lessons\SovTechTask\WebAPI\AngularUI\dist\out-tsc\src\app\iModels\imenu-model.js
F:\Lessons\SovTechTask\WebAPI\AngularUI\dist\out-tsc\src\app\iModels\imenu-model.js.map
F:\Lessons\SovTechTask\WebAPI\AngularUI\dist\out-tsc\src\app\layouts\footer\footer.component.spec.js
F:\Lessons\SovTechTask\WebAPI\AngularUI\dist\out-tsc\src\app\layouts\footer\footer.component.spec.js.map
F:\Lessons\SovTechTask\WebAPI\AngularUI\dist\out-tsc\src\environments\environment.prod.js
F:\Lessons\SovTechTask\WebAPI\AngularUI\dist\out-tsc\src\environments\environment.prod.js.map
